
ROM used:   1252/65536 (2%)
            1252/65536 (2%) including unused fragments

            1.1 Average locations per line
            50.1 Average locations per statement

RAM used:   10/3896 (0%) at main() level
            21/3896 (1%) worst case

Stack used: 1 worst case (1 in main + 0 for interrupts)
Stack size: 31

Lines Stmts  %   Files
----- ----- ---  -----
   88    25 100  main.c
 1036     0   0  ..\..\..\..\..\Program Files (x86)\PICC\Devices\18F26K22.h
----- -----
 1124    25 Total

Page ROM  %  RAM    Vol Diff  Functions:
---- --- --- ---    --- ----  ----------
0    536  21    6    862  4.3  main
0     68   3    2             @ITOF
0    346  14   14             @DIVFF
0    242  10   11             @MULFF
0     56   2    4             @SFTOI
 Inline         0             @cinit1

Program metrics:
    Functions               1
    Statements              25
    Comments                192
    Volume (V)              875
    Difficulty (D)          4.0
    Effort to implement (E) 3500
    Time to implement (T)   3 minutes
    Est Delivered Bugs (B)  0
    Cyclomatic Complexity   1
    Maintainability (MI)    108

 Segment     Used  Free
-----------  ----  ----
00000-00002     4  0  
00004-0FFFE  1248  64284  



