
ROM used:   1452/65536 (2%)
            1452/65536 (2%) including unused fragments

            1.3 Average locations per line
            46.8 Average locations per statement

RAM used:   39/3896 (1%) at main() level
            48/3896 (1%) worst case

Stack used: 2 worst case (2 in main + 0 for interrupts)
Stack size: 31

Lines Stmts  %   Files
----- ----- ---  -----
  110    31 100  main.c
 1036     0   0  ..\..\..\..\..\Program Files (x86)\PICC\Devices\18F26K22.h
----- -----
 1146    31 Total

Page ROM  %  RAM    Vol Diff  Functions:
---- --- --- ---    --- ----  ----------
0     48   2    0    221  1.8  log_init
0    178   6    6    149  3.1  wheel_movement
0     62   2    6             @WRITEBITA
0    454  16   11    696  7.7  MAIN
0     56   2    2             @ITOF
0    348  12   14             @DIVFF
0    244   8   11             @MULFF
0     58   2    4             @SFTOI
 Inline         0             @cinit1

Program metrics:
    Functions               3
    Statements              31
    Comments                197
    Volume (V)              1344
    Difficulty (D)          11.9
    Effort to implement (E) 15988
    Time to implement (T)   15 minutes
    Est Delivered Bugs (B)  0
    Cyclomatic Complexity   3
    Maintainability (MI)    101

 Segment     Used  Free
-----------  ----  ----
00000-00002     4  0  
00004-0FFFE  1448  64084  



